[2022-06-04 20:29:40,053] {taskinstance.py:1035} INFO - Dependencies all met for <TaskInstance: model_level_dbt_dag.dbt_docs scheduled__2022-06-03T02:53:52.617168+00:00 [queued]>
[2022-06-04 20:29:40,075] {taskinstance.py:1035} INFO - Dependencies all met for <TaskInstance: model_level_dbt_dag.dbt_docs scheduled__2022-06-03T02:53:52.617168+00:00 [queued]>
[2022-06-04 20:29:40,077] {taskinstance.py:1241} INFO - 
--------------------------------------------------------------------------------
[2022-06-04 20:29:40,078] {taskinstance.py:1242} INFO - Starting attempt 2 of 5
[2022-06-04 20:29:40,079] {taskinstance.py:1243} INFO - 
--------------------------------------------------------------------------------
[2022-06-04 20:29:40,130] {taskinstance.py:1262} INFO - Executing <Task(BashOperator): dbt_docs> on 2022-06-03 02:53:52.617168+00:00
[2022-06-04 20:29:40,151] {standard_task_runner.py:52} INFO - Started process 569 to run task
[2022-06-04 20:29:40,157] {standard_task_runner.py:76} INFO - Running: ['***', 'tasks', 'run', 'model_level_dbt_dag', 'dbt_docs', 'scheduled__2022-06-03T02:53:52.617168+00:00', '--job-id', '296', '--raw', '--subdir', 'DAGS_FOLDER/model_level_dbt_dag.py', '--cfg-path', '/tmp/tmpm8wksl5t', '--error-file', '/tmp/tmp750071tp']
[2022-06-04 20:29:40,161] {standard_task_runner.py:77} INFO - Job 296: Subtask dbt_docs
[2022-06-04 20:29:40,258] {logging_mixin.py:109} INFO - Running <TaskInstance: model_level_dbt_dag.dbt_docs scheduled__2022-06-03T02:53:52.617168+00:00 [running]> on host 0c1ca7618279
[2022-06-04 20:29:40,331] {taskinstance.py:1429} INFO - Exporting the following env vars:
AIRFLOW_CTX_DAG_OWNER=luciano.naveiro
AIRFLOW_CTX_DAG_ID=model_level_dbt_dag
AIRFLOW_CTX_TASK_ID=dbt_docs
AIRFLOW_CTX_EXECUTION_DATE=2022-06-03T02:53:52.617168+00:00
AIRFLOW_CTX_DAG_RUN_ID=scheduled__2022-06-03T02:53:52.617168+00:00
[2022-06-04 20:29:40,333] {subprocess.py:62} INFO - Tmp dir root location: 
 /tmp
[2022-06-04 20:29:40,335] {subprocess.py:74} INFO - Running command: ['bash', '-c', '\n        dbt docs generate --profiles-dir /opt/dbt/jaffle_shop --project-dir /opt/dbt/jaffle_shop\n        ']
[2022-06-04 20:29:40,361] {subprocess.py:85} INFO - Output:
[2022-06-04 20:29:44,254] {subprocess.py:89} INFO - 20:29:44  Running with dbt=1.1.0
[2022-06-04 20:29:44,298] {subprocess.py:89} INFO - 20:29:44  Unable to do partial parsing because config vars, config profile, or config target have changed
[2022-06-04 20:29:45,370] {subprocess.py:89} INFO - 20:29:45  Found 5 models, 14 tests, 0 snapshots, 0 analyses, 170 macros, 0 operations, 0 seed files, 3 sources, 0 exposures, 0 metrics
[2022-06-04 20:29:45,375] {subprocess.py:89} INFO - 20:29:45
[2022-06-04 20:29:45,456] {subprocess.py:89} INFO - 20:29:45  Concurrency: 1 threads (target='dev')
[2022-06-04 20:29:45,457] {subprocess.py:89} INFO - 20:29:45
[2022-06-04 20:29:46,868] {subprocess.py:89} INFO - 20:29:46  Encountered an error:
[2022-06-04 20:29:46,870] {subprocess.py:89} INFO - Runtime Error
[2022-06-04 20:29:46,870] {subprocess.py:89} INFO -   Compilation Error in test assert_positive_total_for_payments_daily (tests/assert_positive_total_for_payments_daily.sql)
[2022-06-04 20:29:46,871] {subprocess.py:89} INFO -     Required var 'date' not found in config:
[2022-06-04 20:29:46,872] {subprocess.py:89} INFO -     Vars supplied to assert_positive_total_for_payments_daily = {}
[2022-06-04 20:29:46,873] {subprocess.py:89} INFO - 
[2022-06-04 20:29:46,874] {subprocess.py:89} INFO -     > in test assert_positive_total_for_payments_daily (tests/assert_positive_total_for_payments_daily.sql)
[2022-06-04 20:29:46,876] {subprocess.py:89} INFO -     > called by test assert_positive_total_for_payments_daily (tests/assert_positive_total_for_payments_daily.sql)
[2022-06-04 20:29:47,034] {subprocess.py:93} INFO - Command exited with return code 2
[2022-06-04 20:29:47,053] {taskinstance.py:1703} ERROR - Task failed with exception
Traceback (most recent call last):
  File "/home/airflow/.local/lib/python3.7/site-packages/airflow/models/taskinstance.py", line 1332, in _run_raw_task
    self._execute_task_with_callbacks(context)
  File "/home/airflow/.local/lib/python3.7/site-packages/airflow/models/taskinstance.py", line 1458, in _execute_task_with_callbacks
    result = self._execute_task(context, self.task)
  File "/home/airflow/.local/lib/python3.7/site-packages/airflow/models/taskinstance.py", line 1514, in _execute_task
    result = execute_callable(context=context)
  File "/home/airflow/.local/lib/python3.7/site-packages/airflow/operators/bash.py", line 188, in execute
    f'Bash command failed. The command returned a non-zero exit code {result.exit_code}.'
airflow.exceptions.AirflowException: Bash command failed. The command returned a non-zero exit code 2.
[2022-06-04 20:29:47,064] {taskinstance.py:1280} INFO - Marking task as UP_FOR_RETRY. dag_id=model_level_dbt_dag, task_id=dbt_docs, execution_date=20220603T025352, start_date=20220604T202940, end_date=20220604T202947
[2022-06-04 20:29:47,080] {standard_task_runner.py:91} ERROR - Failed to execute job 296 for task dbt_docs
Traceback (most recent call last):
  File "/home/airflow/.local/lib/python3.7/site-packages/airflow/task/task_runner/standard_task_runner.py", line 85, in _start_by_fork
    args.func(args, dag=self.dag)
  File "/home/airflow/.local/lib/python3.7/site-packages/airflow/cli/cli_parser.py", line 48, in command
    return func(*args, **kwargs)
  File "/home/airflow/.local/lib/python3.7/site-packages/airflow/utils/cli.py", line 92, in wrapper
    return f(*args, **kwargs)
  File "/home/airflow/.local/lib/python3.7/site-packages/airflow/cli/commands/task_command.py", line 292, in task_run
    _run_task_by_selected_method(args, dag, ti)
  File "/home/airflow/.local/lib/python3.7/site-packages/airflow/cli/commands/task_command.py", line 107, in _run_task_by_selected_method
    _run_raw_task(args, ti)
  File "/home/airflow/.local/lib/python3.7/site-packages/airflow/cli/commands/task_command.py", line 184, in _run_raw_task
    error_file=args.error_file,
  File "/home/airflow/.local/lib/python3.7/site-packages/airflow/utils/session.py", line 70, in wrapper
    return func(*args, session=session, **kwargs)
  File "/home/airflow/.local/lib/python3.7/site-packages/airflow/models/taskinstance.py", line 1332, in _run_raw_task
    self._execute_task_with_callbacks(context)
  File "/home/airflow/.local/lib/python3.7/site-packages/airflow/models/taskinstance.py", line 1458, in _execute_task_with_callbacks
    result = self._execute_task(context, self.task)
  File "/home/airflow/.local/lib/python3.7/site-packages/airflow/models/taskinstance.py", line 1514, in _execute_task
    result = execute_callable(context=context)
  File "/home/airflow/.local/lib/python3.7/site-packages/airflow/operators/bash.py", line 188, in execute
    f'Bash command failed. The command returned a non-zero exit code {result.exit_code}.'
airflow.exceptions.AirflowException: Bash command failed. The command returned a non-zero exit code 2.
[2022-06-04 20:29:47,110] {local_task_job.py:154} INFO - Task exited with return code 1
[2022-06-04 20:29:47,151] {local_task_job.py:264} INFO - 0 downstream tasks scheduled from follow-on schedule check
