[2022-06-04 02:46:05,761] {taskinstance.py:1035} INFO - Dependencies all met for <TaskInstance: project_level_dbt_dag.dbt_run scheduled__2022-05-20T00:46:38.594894+00:00 [queued]>
[2022-06-04 02:46:05,989] {taskinstance.py:1035} INFO - Dependencies all met for <TaskInstance: project_level_dbt_dag.dbt_run scheduled__2022-05-20T00:46:38.594894+00:00 [queued]>
[2022-06-04 02:46:05,990] {taskinstance.py:1241} INFO - 
--------------------------------------------------------------------------------
[2022-06-04 02:46:05,991] {taskinstance.py:1242} INFO - Starting attempt 1 of 4
[2022-06-04 02:46:05,992] {taskinstance.py:1243} INFO - 
--------------------------------------------------------------------------------
[2022-06-04 02:46:06,083] {taskinstance.py:1262} INFO - Executing <Task(BashOperator): dbt_run> on 2022-05-20 00:46:38.594894+00:00
[2022-06-04 02:46:06,109] {standard_task_runner.py:76} INFO - Running: ['***', 'tasks', 'run', 'project_level_dbt_dag', 'dbt_run', 'scheduled__2022-05-20T00:46:38.594894+00:00', '--job-id', '163', '--raw', '--subdir', 'DAGS_FOLDER/project_level_dbt_dag.py', '--cfg-path', '/tmp/tmp5yur0sze', '--error-file', '/tmp/tmp05tgn0ec']
[2022-06-04 02:46:06,118] {standard_task_runner.py:77} INFO - Job 163: Subtask dbt_run
[2022-06-04 02:46:06,114] {standard_task_runner.py:52} INFO - Started process 84 to run task
[2022-06-04 02:46:06,348] {logging_mixin.py:109} INFO - Running <TaskInstance: project_level_dbt_dag.dbt_run scheduled__2022-05-20T00:46:38.594894+00:00 [running]> on host 3d17a0db806e
[2022-06-04 02:46:06,705] {taskinstance.py:1429} INFO - Exporting the following env vars:
AIRFLOW_CTX_DAG_OWNER=luciano.naveiro
AIRFLOW_CTX_DAG_ID=project_level_dbt_dag
AIRFLOW_CTX_TASK_ID=dbt_run
AIRFLOW_CTX_EXECUTION_DATE=2022-05-20T00:46:38.594894+00:00
AIRFLOW_CTX_DAG_RUN_ID=scheduled__2022-05-20T00:46:38.594894+00:00
[2022-06-04 02:46:06,709] {subprocess.py:62} INFO - Tmp dir root location: 
 /tmp
[2022-06-04 02:46:06,713] {subprocess.py:74} INFO - Running command: ['bash', '-c', '\n        dbt run --profiles-dir /opt/dbt/jaffle_shop --project-dir /opt/dbt/jaffle_shop\n        ']
[2022-06-04 02:46:06,767] {subprocess.py:85} INFO - Output:
[2022-06-04 02:46:27,814] {subprocess.py:89} INFO - 02:46:27  Running with dbt=1.1.0
[2022-06-04 02:46:28,856] {subprocess.py:89} INFO - 02:46:28  Found 5 models, 14 tests, 0 snapshots, 0 analyses, 170 macros, 0 operations, 0 seed files, 3 sources, 0 exposures, 0 metrics
[2022-06-04 02:46:28,882] {subprocess.py:89} INFO - 02:46:28
[2022-06-04 02:46:29,829] {subprocess.py:89} INFO - 02:46:29  Concurrency: 1 threads (target='dev')
[2022-06-04 02:46:29,840] {subprocess.py:89} INFO - 02:46:29
[2022-06-04 02:46:29,920] {subprocess.py:89} INFO - 02:46:29  1 of 5 START view model dev.stg_jaffle_shop__customers ......................... [RUN]
[2022-06-04 02:46:30,689] {subprocess.py:89} INFO - 02:46:30  1 of 5 ERROR creating view model dev.stg_jaffle_shop__customers ................ [[31mERROR[0m in 0.76s]
[2022-06-04 02:46:30,707] {subprocess.py:89} INFO - 02:46:30  2 of 5 START view model dev.stg_jaffle_shop__orders ............................ [RUN]
[2022-06-04 02:46:30,861] {subprocess.py:89} INFO - 02:46:30  2 of 5 ERROR creating view model dev.stg_jaffle_shop__orders ................... [[31mERROR[0m in 0.15s]
[2022-06-04 02:46:30,871] {subprocess.py:89} INFO - 02:46:30  3 of 5 START view model dev.stg_stripe__payments ............................... [RUN]
[2022-06-04 02:46:31,211] {subprocess.py:89} INFO - 02:46:31  3 of 5 OK created view model dev.stg_stripe__payments .......................... [[32mCREATE VIEW[0m in 0.33s]
[2022-06-04 02:46:31,221] {subprocess.py:89} INFO - 02:46:31  4 of 5 SKIP relation dev.int_orders ............................................ [[33mSKIP[0m]
[2022-06-04 02:46:31,241] {subprocess.py:89} INFO - 02:46:31  5 of 5 SKIP relation dev.fct_customer_orders ................................... [[33mSKIP[0m]
[2022-06-04 02:46:31,336] {subprocess.py:89} INFO - 02:46:31
[2022-06-04 02:46:31,341] {subprocess.py:89} INFO - 02:46:31  Finished running 4 view models, 1 table model in 2.46s.
[2022-06-04 02:46:31,475] {subprocess.py:89} INFO - 02:46:31
[2022-06-04 02:46:31,493] {subprocess.py:89} INFO - 02:46:31  [31mCompleted with 2 errors and 0 warnings:[0m
[2022-06-04 02:46:31,502] {subprocess.py:89} INFO - 02:46:31
[2022-06-04 02:46:31,516] {subprocess.py:89} INFO - 02:46:31  [33mDatabase Error in model stg_jaffle_shop__customers (models/staging/jaffle_shop/stg_jaffle_shop__customers.sql)[0m
[2022-06-04 02:46:31,533] {subprocess.py:89} INFO - 02:46:31    relation "stg_jaffle_shop__customers" already exists
[2022-06-04 02:46:31,561] {subprocess.py:89} INFO - 02:46:31    compiled SQL at target/run/jaffle_shop/models/staging/jaffle_shop/stg_jaffle_shop__customers.sql
[2022-06-04 02:46:31,597] {subprocess.py:89} INFO - 02:46:31
[2022-06-04 02:46:31,605] {subprocess.py:89} INFO - 02:46:31  [33mDatabase Error in model stg_jaffle_shop__orders (models/staging/jaffle_shop/stg_jaffle_shop__orders.sql)[0m
[2022-06-04 02:46:31,629] {subprocess.py:89} INFO - 02:46:31    relation "stg_jaffle_shop__orders" already exists
[2022-06-04 02:46:31,660] {subprocess.py:89} INFO - 02:46:31    compiled SQL at target/run/jaffle_shop/models/staging/jaffle_shop/stg_jaffle_shop__orders.sql
[2022-06-04 02:46:31,682] {subprocess.py:89} INFO - 02:46:31
[2022-06-04 02:46:31,691] {subprocess.py:89} INFO - 02:46:31  Done. PASS=1 WARN=0 ERROR=2 SKIP=2 TOTAL=5
[2022-06-04 02:46:33,510] {subprocess.py:93} INFO - Command exited with return code 1
[2022-06-04 02:46:33,562] {taskinstance.py:1703} ERROR - Task failed with exception
Traceback (most recent call last):
  File "/home/airflow/.local/lib/python3.7/site-packages/airflow/models/taskinstance.py", line 1332, in _run_raw_task
    self._execute_task_with_callbacks(context)
  File "/home/airflow/.local/lib/python3.7/site-packages/airflow/models/taskinstance.py", line 1458, in _execute_task_with_callbacks
    result = self._execute_task(context, self.task)
  File "/home/airflow/.local/lib/python3.7/site-packages/airflow/models/taskinstance.py", line 1514, in _execute_task
    result = execute_callable(context=context)
  File "/home/airflow/.local/lib/python3.7/site-packages/airflow/operators/bash.py", line 188, in execute
    f'Bash command failed. The command returned a non-zero exit code {result.exit_code}.'
airflow.exceptions.AirflowException: Bash command failed. The command returned a non-zero exit code 1.
[2022-06-04 02:46:33,615] {taskinstance.py:1280} INFO - Marking task as UP_FOR_RETRY. dag_id=project_level_dbt_dag, task_id=dbt_run, execution_date=20220520T004638, start_date=20220604T024605, end_date=20220604T024633
[2022-06-04 02:46:33,740] {standard_task_runner.py:91} ERROR - Failed to execute job 163 for task dbt_run
Traceback (most recent call last):
  File "/home/airflow/.local/lib/python3.7/site-packages/airflow/task/task_runner/standard_task_runner.py", line 85, in _start_by_fork
    args.func(args, dag=self.dag)
  File "/home/airflow/.local/lib/python3.7/site-packages/airflow/cli/cli_parser.py", line 48, in command
    return func(*args, **kwargs)
  File "/home/airflow/.local/lib/python3.7/site-packages/airflow/utils/cli.py", line 92, in wrapper
    return f(*args, **kwargs)
  File "/home/airflow/.local/lib/python3.7/site-packages/airflow/cli/commands/task_command.py", line 292, in task_run
    _run_task_by_selected_method(args, dag, ti)
  File "/home/airflow/.local/lib/python3.7/site-packages/airflow/cli/commands/task_command.py", line 107, in _run_task_by_selected_method
    _run_raw_task(args, ti)
  File "/home/airflow/.local/lib/python3.7/site-packages/airflow/cli/commands/task_command.py", line 184, in _run_raw_task
    error_file=args.error_file,
  File "/home/airflow/.local/lib/python3.7/site-packages/airflow/utils/session.py", line 70, in wrapper
    return func(*args, session=session, **kwargs)
  File "/home/airflow/.local/lib/python3.7/site-packages/airflow/models/taskinstance.py", line 1332, in _run_raw_task
    self._execute_task_with_callbacks(context)
  File "/home/airflow/.local/lib/python3.7/site-packages/airflow/models/taskinstance.py", line 1458, in _execute_task_with_callbacks
    result = self._execute_task(context, self.task)
  File "/home/airflow/.local/lib/python3.7/site-packages/airflow/models/taskinstance.py", line 1514, in _execute_task
    result = execute_callable(context=context)
  File "/home/airflow/.local/lib/python3.7/site-packages/airflow/operators/bash.py", line 188, in execute
    f'Bash command failed. The command returned a non-zero exit code {result.exit_code}.'
airflow.exceptions.AirflowException: Bash command failed. The command returned a non-zero exit code 1.
[2022-06-04 02:46:33,851] {local_task_job.py:154} INFO - Task exited with return code 1
[2022-06-04 02:46:33,993] {local_task_job.py:264} INFO - 0 downstream tasks scheduled from follow-on schedule check
