[2022-06-04 03:26:57,891] {taskinstance.py:1035} INFO - Dependencies all met for <TaskInstance: model_level_dbt_dag.dbt_run.model.jaffle_shop.stg_jaffle_shop__customers scheduled__2022-06-03T02:53:52.617168+00:00 [queued]>
[2022-06-04 03:26:57,966] {taskinstance.py:1035} INFO - Dependencies all met for <TaskInstance: model_level_dbt_dag.dbt_run.model.jaffle_shop.stg_jaffle_shop__customers scheduled__2022-06-03T02:53:52.617168+00:00 [queued]>
[2022-06-04 03:26:57,969] {taskinstance.py:1241} INFO - 
--------------------------------------------------------------------------------
[2022-06-04 03:26:57,973] {taskinstance.py:1242} INFO - Starting attempt 1 of 4
[2022-06-04 03:26:57,977] {taskinstance.py:1243} INFO - 
--------------------------------------------------------------------------------
[2022-06-04 03:26:58,032] {taskinstance.py:1262} INFO - Executing <Task(BashOperator): dbt_run.model.jaffle_shop.stg_jaffle_shop__customers> on 2022-06-03 02:53:52.617168+00:00
[2022-06-04 03:26:58,045] {standard_task_runner.py:52} INFO - Started process 2585 to run task
[2022-06-04 03:26:58,065] {standard_task_runner.py:76} INFO - Running: ['***', 'tasks', 'run', 'model_level_dbt_dag', 'dbt_run.model.jaffle_shop.stg_jaffle_shop__customers', 'scheduled__2022-06-03T02:53:52.617168+00:00', '--job-id', '224', '--raw', '--subdir', 'DAGS_FOLDER/model_level_dbt_dag.py', '--cfg-path', '/tmp/tmpll590q0j', '--error-file', '/tmp/tmpsb1f91hc']
[2022-06-04 03:26:58,072] {standard_task_runner.py:77} INFO - Job 224: Subtask dbt_run.model.jaffle_shop.stg_jaffle_shop__customers
[2022-06-04 03:26:58,245] {logging_mixin.py:109} INFO - Running <TaskInstance: model_level_dbt_dag.dbt_run.model.jaffle_shop.stg_jaffle_shop__customers scheduled__2022-06-03T02:53:52.617168+00:00 [running]> on host 3d17a0db806e
[2022-06-04 03:26:58,431] {taskinstance.py:1429} INFO - Exporting the following env vars:
AIRFLOW_CTX_DAG_OWNER=luciano.naveiro
AIRFLOW_CTX_DAG_ID=model_level_dbt_dag
AIRFLOW_CTX_TASK_ID=dbt_run.model.jaffle_shop.stg_jaffle_shop__customers
AIRFLOW_CTX_EXECUTION_DATE=2022-06-03T02:53:52.617168+00:00
AIRFLOW_CTX_DAG_RUN_ID=scheduled__2022-06-03T02:53:52.617168+00:00
[2022-06-04 03:26:58,437] {subprocess.py:62} INFO - Tmp dir root location: 
 /tmp
[2022-06-04 03:26:58,443] {subprocess.py:74} INFO - Running command: ['bash', '-c', 'dbt --no-write-json run --target dev --models stg_jaffle_shop__customers --profiles-dir /opt/dbt/jaffle_shop --project-dir /opt/dbt/jaffle_shop--vars \'{"date": " 2022-06-03 " }\'']
[2022-06-04 03:26:58,494] {subprocess.py:85} INFO - Output:
[2022-06-04 03:27:05,733] {subprocess.py:89} INFO - usage: dbt [-h] [--version] [-r RECORD_TIMING_INFO] [-d]
[2022-06-04 03:27:05,735] {subprocess.py:89} INFO -            [--log-format {text,json,default}] [--no-write-json]
[2022-06-04 03:27:05,736] {subprocess.py:89} INFO -            [--use-colors | --no-use-colors] [--printer-width PRINTER_WIDTH]
[2022-06-04 03:27:05,737] {subprocess.py:89} INFO -            [--warn-error] [--no-version-check]
[2022-06-04 03:27:05,738] {subprocess.py:89} INFO -            [--partial-parse | --no-partial-parse] [--use-experimental-parser]
[2022-06-04 03:27:05,738] {subprocess.py:89} INFO -            [--no-static-parser] [--profiles-dir PROFILES_DIR]
[2022-06-04 03:27:05,739] {subprocess.py:89} INFO -            [--no-anonymous-usage-stats] [-x]
[2022-06-04 03:27:05,740] {subprocess.py:89} INFO -            [--event-buffer-size EVENT_BUFFER_SIZE] [-q] [--no-print]
[2022-06-04 03:27:05,741] {subprocess.py:89} INFO -            [--cache-selected-only | --no-cache-selected-only]
[2022-06-04 03:27:05,742] {subprocess.py:89} INFO -            {docs,source,init,clean,debug,deps,list,ls,build,snapshot,run,compile,parse,test,seed,run-operation}
[2022-06-04 03:27:05,743] {subprocess.py:89} INFO -            ...
[2022-06-04 03:27:05,744] {subprocess.py:89} INFO - dbt: error: unrecognized arguments: {"date": " 2022-06-03 " }
[2022-06-04 03:27:05,896] {subprocess.py:93} INFO - Command exited with return code 2
[2022-06-04 03:27:05,941] {taskinstance.py:1703} ERROR - Task failed with exception
Traceback (most recent call last):
  File "/home/airflow/.local/lib/python3.7/site-packages/airflow/models/taskinstance.py", line 1332, in _run_raw_task
    self._execute_task_with_callbacks(context)
  File "/home/airflow/.local/lib/python3.7/site-packages/airflow/models/taskinstance.py", line 1458, in _execute_task_with_callbacks
    result = self._execute_task(context, self.task)
  File "/home/airflow/.local/lib/python3.7/site-packages/airflow/models/taskinstance.py", line 1514, in _execute_task
    result = execute_callable(context=context)
  File "/home/airflow/.local/lib/python3.7/site-packages/airflow/operators/bash.py", line 188, in execute
    f'Bash command failed. The command returned a non-zero exit code {result.exit_code}.'
airflow.exceptions.AirflowException: Bash command failed. The command returned a non-zero exit code 2.
[2022-06-04 03:27:05,958] {taskinstance.py:1280} INFO - Marking task as UP_FOR_RETRY. dag_id=model_level_dbt_dag, task_id=dbt_run.model.jaffle_shop.stg_jaffle_shop__customers, execution_date=20220603T025352, start_date=20220604T032657, end_date=20220604T032705
[2022-06-04 03:27:05,998] {standard_task_runner.py:91} ERROR - Failed to execute job 224 for task dbt_run.model.jaffle_shop.stg_jaffle_shop__customers
Traceback (most recent call last):
  File "/home/airflow/.local/lib/python3.7/site-packages/airflow/task/task_runner/standard_task_runner.py", line 85, in _start_by_fork
    args.func(args, dag=self.dag)
  File "/home/airflow/.local/lib/python3.7/site-packages/airflow/cli/cli_parser.py", line 48, in command
    return func(*args, **kwargs)
  File "/home/airflow/.local/lib/python3.7/site-packages/airflow/utils/cli.py", line 92, in wrapper
    return f(*args, **kwargs)
  File "/home/airflow/.local/lib/python3.7/site-packages/airflow/cli/commands/task_command.py", line 292, in task_run
    _run_task_by_selected_method(args, dag, ti)
  File "/home/airflow/.local/lib/python3.7/site-packages/airflow/cli/commands/task_command.py", line 107, in _run_task_by_selected_method
    _run_raw_task(args, ti)
  File "/home/airflow/.local/lib/python3.7/site-packages/airflow/cli/commands/task_command.py", line 184, in _run_raw_task
    error_file=args.error_file,
  File "/home/airflow/.local/lib/python3.7/site-packages/airflow/utils/session.py", line 70, in wrapper
    return func(*args, session=session, **kwargs)
  File "/home/airflow/.local/lib/python3.7/site-packages/airflow/models/taskinstance.py", line 1332, in _run_raw_task
    self._execute_task_with_callbacks(context)
  File "/home/airflow/.local/lib/python3.7/site-packages/airflow/models/taskinstance.py", line 1458, in _execute_task_with_callbacks
    result = self._execute_task(context, self.task)
  File "/home/airflow/.local/lib/python3.7/site-packages/airflow/models/taskinstance.py", line 1514, in _execute_task
    result = execute_callable(context=context)
  File "/home/airflow/.local/lib/python3.7/site-packages/airflow/operators/bash.py", line 188, in execute
    f'Bash command failed. The command returned a non-zero exit code {result.exit_code}.'
airflow.exceptions.AirflowException: Bash command failed. The command returned a non-zero exit code 2.
[2022-06-04 03:27:06,021] {local_task_job.py:154} INFO - Task exited with return code 1
[2022-06-04 03:27:06,103] {local_task_job.py:264} INFO - 0 downstream tasks scheduled from follow-on schedule check
