[2022-05-19 15:48:58,164] {taskinstance.py:1035} INFO - Dependencies all met for <TaskInstance: model_level_dbt_dag.dbt_validate.dbt_debug scheduled__2022-05-18T15:43:01.271269+00:00 [queued]>
[2022-05-19 15:48:58,192] {taskinstance.py:1035} INFO - Dependencies all met for <TaskInstance: model_level_dbt_dag.dbt_validate.dbt_debug scheduled__2022-05-18T15:43:01.271269+00:00 [queued]>
[2022-05-19 15:48:58,193] {taskinstance.py:1241} INFO - 
--------------------------------------------------------------------------------
[2022-05-19 15:48:58,194] {taskinstance.py:1242} INFO - Starting attempt 3 of 4
[2022-05-19 15:48:58,195] {taskinstance.py:1243} INFO - 
--------------------------------------------------------------------------------
[2022-05-19 15:48:58,219] {taskinstance.py:1262} INFO - Executing <Task(BashOperator): dbt_validate.dbt_debug> on 2022-05-18 15:43:01.271269+00:00
[2022-05-19 15:48:58,232] {standard_task_runner.py:52} INFO - Started process 70 to run task
[2022-05-19 15:48:58,242] {standard_task_runner.py:76} INFO - Running: ['***', 'tasks', 'run', 'model_level_dbt_dag', 'dbt_validate.dbt_debug', 'scheduled__2022-05-18T15:43:01.271269+00:00', '--job-id', '71', '--raw', '--subdir', 'DAGS_FOLDER/model_level_dbt_dag.py', '--cfg-path', '/tmp/tmp4p3d8hko', '--error-file', '/tmp/tmpmm1g8q0o']
[2022-05-19 15:48:58,257] {standard_task_runner.py:77} INFO - Job 71: Subtask dbt_validate.dbt_debug
[2022-05-19 15:48:58,403] {logging_mixin.py:109} INFO - Running <TaskInstance: model_level_dbt_dag.dbt_validate.dbt_debug scheduled__2022-05-18T15:43:01.271269+00:00 [running]> on host b5c40c9a869a
[2022-05-19 15:48:58,522] {taskinstance.py:1429} INFO - Exporting the following env vars:
AIRFLOW_CTX_DAG_OWNER=luciano.naveiro
AIRFLOW_CTX_DAG_ID=model_level_dbt_dag
AIRFLOW_CTX_TASK_ID=dbt_validate.dbt_debug
AIRFLOW_CTX_EXECUTION_DATE=2022-05-18T15:43:01.271269+00:00
AIRFLOW_CTX_DAG_RUN_ID=scheduled__2022-05-18T15:43:01.271269+00:00
[2022-05-19 15:48:58,530] {subprocess.py:62} INFO - Tmp dir root location: 
 /tmp
[2022-05-19 15:48:58,531] {subprocess.py:74} INFO - Running command: ['bash', '-c', '\n        dbt debug --profiles-dir /opt/dbt/jaffle_shop --project-dir /opt/dbt/jaffle_shop\n        ']
[2022-05-19 15:48:58,550] {subprocess.py:85} INFO - Output:
[2022-05-19 15:49:07,478] {subprocess.py:89} INFO - 15:49:07  Running with dbt=1.1.0
[2022-05-19 15:49:09,242] {subprocess.py:89} INFO - dbt version: 1.1.0
[2022-05-19 15:49:09,244] {subprocess.py:89} INFO - python version: 3.7.12
[2022-05-19 15:49:09,244] {subprocess.py:89} INFO - python path: /usr/local/bin/python
[2022-05-19 15:49:09,246] {subprocess.py:89} INFO - os info: Linux-5.10.25-linuxkit-x86_64-with-debian-10.11
[2022-05-19 15:49:09,246] {subprocess.py:89} INFO - Using profiles.yml file at /opt/dbt/jaffle_shop/profiles.yml
[2022-05-19 15:49:09,248] {subprocess.py:89} INFO - Using dbt_project.yml file at /opt/dbt/jaffle_shop/dbt_project.yml
[2022-05-19 15:49:09,248] {subprocess.py:89} INFO - 
[2022-05-19 15:49:09,250] {subprocess.py:89} INFO - Configuration:
[2022-05-19 15:49:09,251] {subprocess.py:89} INFO -   profiles.yml file [[32mOK found and valid[0m]
[2022-05-19 15:49:09,252] {subprocess.py:89} INFO -   dbt_project.yml file [[32mOK found and valid[0m]
[2022-05-19 15:49:09,253] {subprocess.py:89} INFO - 
[2022-05-19 15:49:09,254] {subprocess.py:89} INFO - Required dependencies:
[2022-05-19 15:49:09,256] {subprocess.py:89} INFO -  - git [[31mERROR[0m]
[2022-05-19 15:49:09,257] {subprocess.py:89} INFO - 
[2022-05-19 15:49:09,260] {subprocess.py:89} INFO - Connection:
[2022-05-19 15:49:09,261] {subprocess.py:89} INFO -   host: postgres_local
[2022-05-19 15:49:09,262] {subprocess.py:89} INFO -   port: 5432
[2022-05-19 15:49:09,264] {subprocess.py:89} INFO -   user: docker
[2022-05-19 15:49:09,265] {subprocess.py:89} INFO -   database: raw
[2022-05-19 15:49:09,266] {subprocess.py:89} INFO -   schema: dev
[2022-05-19 15:49:09,267] {subprocess.py:89} INFO -   search_path: None
[2022-05-19 15:49:09,268] {subprocess.py:89} INFO -   keepalives_idle: 0
[2022-05-19 15:49:09,268] {subprocess.py:89} INFO -   sslmode: None
[2022-05-19 15:49:09,269] {subprocess.py:89} INFO -   Connection test: [[32mOK connection ok[0m]
[2022-05-19 15:49:09,270] {subprocess.py:89} INFO - 
[2022-05-19 15:49:09,270] {subprocess.py:89} INFO - [31m1 check failed:[0m
[2022-05-19 15:49:09,271] {subprocess.py:89} INFO - Error from git --help: Could not find command, ensure it is in the user's PATH: "git"
[2022-05-19 15:49:09,272] {subprocess.py:89} INFO - 
[2022-05-19 15:49:09,617] {subprocess.py:93} INFO - Command exited with return code 1
[2022-05-19 15:49:09,662] {taskinstance.py:1703} ERROR - Task failed with exception
Traceback (most recent call last):
  File "/home/airflow/.local/lib/python3.7/site-packages/airflow/models/taskinstance.py", line 1332, in _run_raw_task
    self._execute_task_with_callbacks(context)
  File "/home/airflow/.local/lib/python3.7/site-packages/airflow/models/taskinstance.py", line 1458, in _execute_task_with_callbacks
    result = self._execute_task(context, self.task)
  File "/home/airflow/.local/lib/python3.7/site-packages/airflow/models/taskinstance.py", line 1514, in _execute_task
    result = execute_callable(context=context)
  File "/home/airflow/.local/lib/python3.7/site-packages/airflow/operators/bash.py", line 188, in execute
    f'Bash command failed. The command returned a non-zero exit code {result.exit_code}.'
airflow.exceptions.AirflowException: Bash command failed. The command returned a non-zero exit code 1.
[2022-05-19 15:49:09,695] {taskinstance.py:1280} INFO - Marking task as UP_FOR_RETRY. dag_id=model_level_dbt_dag, task_id=dbt_validate.dbt_debug, execution_date=20220518T154301, start_date=20220519T154858, end_date=20220519T154909
[2022-05-19 15:49:09,736] {standard_task_runner.py:91} ERROR - Failed to execute job 71 for task dbt_validate.dbt_debug
Traceback (most recent call last):
  File "/home/airflow/.local/lib/python3.7/site-packages/airflow/task/task_runner/standard_task_runner.py", line 85, in _start_by_fork
    args.func(args, dag=self.dag)
  File "/home/airflow/.local/lib/python3.7/site-packages/airflow/cli/cli_parser.py", line 48, in command
    return func(*args, **kwargs)
  File "/home/airflow/.local/lib/python3.7/site-packages/airflow/utils/cli.py", line 92, in wrapper
    return f(*args, **kwargs)
  File "/home/airflow/.local/lib/python3.7/site-packages/airflow/cli/commands/task_command.py", line 292, in task_run
    _run_task_by_selected_method(args, dag, ti)
  File "/home/airflow/.local/lib/python3.7/site-packages/airflow/cli/commands/task_command.py", line 107, in _run_task_by_selected_method
    _run_raw_task(args, ti)
  File "/home/airflow/.local/lib/python3.7/site-packages/airflow/cli/commands/task_command.py", line 184, in _run_raw_task
    error_file=args.error_file,
  File "/home/airflow/.local/lib/python3.7/site-packages/airflow/utils/session.py", line 70, in wrapper
    return func(*args, session=session, **kwargs)
  File "/home/airflow/.local/lib/python3.7/site-packages/airflow/models/taskinstance.py", line 1332, in _run_raw_task
    self._execute_task_with_callbacks(context)
  File "/home/airflow/.local/lib/python3.7/site-packages/airflow/models/taskinstance.py", line 1458, in _execute_task_with_callbacks
    result = self._execute_task(context, self.task)
  File "/home/airflow/.local/lib/python3.7/site-packages/airflow/models/taskinstance.py", line 1514, in _execute_task
    result = execute_callable(context=context)
  File "/home/airflow/.local/lib/python3.7/site-packages/airflow/operators/bash.py", line 188, in execute
    f'Bash command failed. The command returned a non-zero exit code {result.exit_code}.'
airflow.exceptions.AirflowException: Bash command failed. The command returned a non-zero exit code 1.
[2022-05-19 15:49:09,770] {local_task_job.py:154} INFO - Task exited with return code 1
[2022-05-19 15:49:09,902] {local_task_job.py:264} INFO - 0 downstream tasks scheduled from follow-on schedule check
