[2022-05-15 01:40:04,653] {taskinstance.py:1035} INFO - Dependencies all met for <TaskInstance: dbt_dag.dbt_run scheduled__2022-05-14T01:33:26.251894+00:00 [queued]>
[2022-05-15 01:40:04,668] {taskinstance.py:1035} INFO - Dependencies all met for <TaskInstance: dbt_dag.dbt_run scheduled__2022-05-14T01:33:26.251894+00:00 [queued]>
[2022-05-15 01:40:04,669] {taskinstance.py:1241} INFO - 
--------------------------------------------------------------------------------
[2022-05-15 01:40:04,670] {taskinstance.py:1242} INFO - Starting attempt 3 of 3
[2022-05-15 01:40:04,671] {taskinstance.py:1243} INFO - 
--------------------------------------------------------------------------------
[2022-05-15 01:40:04,686] {taskinstance.py:1262} INFO - Executing <Task(BashOperator): dbt_run> on 2022-05-14 01:33:26.251894+00:00
[2022-05-15 01:40:04,692] {standard_task_runner.py:52} INFO - Started process 3102 to run task
[2022-05-15 01:40:04,697] {standard_task_runner.py:76} INFO - Running: ['***', 'tasks', 'run', 'dbt_dag', 'dbt_run', 'scheduled__2022-05-14T01:33:26.251894+00:00', '--job-id', '72', '--raw', '--subdir', 'DAGS_FOLDER/dbt_dag.py', '--cfg-path', '/tmp/tmpcgx4jhra', '--error-file', '/tmp/tmprsmrvcq9']
[2022-05-15 01:40:04,698] {standard_task_runner.py:77} INFO - Job 72: Subtask dbt_run
[2022-05-15 01:40:04,753] {logging_mixin.py:109} INFO - Running <TaskInstance: dbt_dag.dbt_run scheduled__2022-05-14T01:33:26.251894+00:00 [running]> on host b0833397c3cf
[2022-05-15 01:40:04,814] {taskinstance.py:1429} INFO - Exporting the following env vars:
AIRFLOW_CTX_DAG_OWNER=***
AIRFLOW_CTX_DAG_ID=dbt_dag
AIRFLOW_CTX_TASK_ID=dbt_run
AIRFLOW_CTX_EXECUTION_DATE=2022-05-14T01:33:26.251894+00:00
AIRFLOW_CTX_DAG_RUN_ID=scheduled__2022-05-14T01:33:26.251894+00:00
[2022-05-15 01:40:04,817] {subprocess.py:62} INFO - Tmp dir root location: 
 /tmp
[2022-05-15 01:40:04,818] {subprocess.py:74} INFO - Running command: ['bash', '-c', '\n        cd /opt/***/dags/jaffle_shop\n        dbt run --profiles-dir .\n        ']
[2022-05-15 01:40:04,832] {subprocess.py:85} INFO - Output:
[2022-05-15 01:40:08,546] {subprocess.py:89} INFO - 01:40:08  Encountered an error while reading profiles:
[2022-05-15 01:40:08,548] {subprocess.py:89} INFO - 01:40:08    ERROR: Runtime Error
[2022-05-15 01:40:08,549] {subprocess.py:89} INFO -   Credentials in profile "jaffle_shop", target "dev" invalid: '5432' is not of type 'integer'
[2022-05-15 01:40:08,550] {subprocess.py:89} INFO - 01:40:08  Defined profiles:
[2022-05-15 01:40:08,550] {subprocess.py:89} INFO - 01:40:08   - jaffle_shop
[2022-05-15 01:40:08,551] {subprocess.py:89} INFO - 01:40:08
[2022-05-15 01:40:08,552] {subprocess.py:89} INFO - For more information on configuring profiles, please consult the dbt docs:
[2022-05-15 01:40:08,552] {subprocess.py:89} INFO - 
[2022-05-15 01:40:08,553] {subprocess.py:89} INFO - https://docs.getdbt.com/docs/configure-your-profile
[2022-05-15 01:40:08,555] {subprocess.py:89} INFO - 
[2022-05-15 01:40:08,563] {subprocess.py:89} INFO - 01:40:08  Encountered an error:
[2022-05-15 01:40:08,564] {subprocess.py:89} INFO - Runtime Error
[2022-05-15 01:40:08,565] {subprocess.py:89} INFO -   Could not run dbt
[2022-05-15 01:40:08,696] {subprocess.py:93} INFO - Command exited with return code 2
[2022-05-15 01:40:08,713] {taskinstance.py:1703} ERROR - Task failed with exception
Traceback (most recent call last):
  File "/home/airflow/.local/lib/python3.7/site-packages/airflow/models/taskinstance.py", line 1332, in _run_raw_task
    self._execute_task_with_callbacks(context)
  File "/home/airflow/.local/lib/python3.7/site-packages/airflow/models/taskinstance.py", line 1458, in _execute_task_with_callbacks
    result = self._execute_task(context, self.task)
  File "/home/airflow/.local/lib/python3.7/site-packages/airflow/models/taskinstance.py", line 1514, in _execute_task
    result = execute_callable(context=context)
  File "/home/airflow/.local/lib/python3.7/site-packages/airflow/operators/bash.py", line 188, in execute
    f'Bash command failed. The command returned a non-zero exit code {result.exit_code}.'
airflow.exceptions.AirflowException: Bash command failed. The command returned a non-zero exit code 2.
[2022-05-15 01:40:08,722] {taskinstance.py:1280} INFO - Marking task as FAILED. dag_id=dbt_dag, task_id=dbt_run, execution_date=20220514T013326, start_date=20220515T014004, end_date=20220515T014008
[2022-05-15 01:40:08,740] {standard_task_runner.py:91} ERROR - Failed to execute job 72 for task dbt_run
Traceback (most recent call last):
  File "/home/airflow/.local/lib/python3.7/site-packages/airflow/task/task_runner/standard_task_runner.py", line 85, in _start_by_fork
    args.func(args, dag=self.dag)
  File "/home/airflow/.local/lib/python3.7/site-packages/airflow/cli/cli_parser.py", line 48, in command
    return func(*args, **kwargs)
  File "/home/airflow/.local/lib/python3.7/site-packages/airflow/utils/cli.py", line 92, in wrapper
    return f(*args, **kwargs)
  File "/home/airflow/.local/lib/python3.7/site-packages/airflow/cli/commands/task_command.py", line 292, in task_run
    _run_task_by_selected_method(args, dag, ti)
  File "/home/airflow/.local/lib/python3.7/site-packages/airflow/cli/commands/task_command.py", line 107, in _run_task_by_selected_method
    _run_raw_task(args, ti)
  File "/home/airflow/.local/lib/python3.7/site-packages/airflow/cli/commands/task_command.py", line 184, in _run_raw_task
    error_file=args.error_file,
  File "/home/airflow/.local/lib/python3.7/site-packages/airflow/utils/session.py", line 70, in wrapper
    return func(*args, session=session, **kwargs)
  File "/home/airflow/.local/lib/python3.7/site-packages/airflow/models/taskinstance.py", line 1332, in _run_raw_task
    self._execute_task_with_callbacks(context)
  File "/home/airflow/.local/lib/python3.7/site-packages/airflow/models/taskinstance.py", line 1458, in _execute_task_with_callbacks
    result = self._execute_task(context, self.task)
  File "/home/airflow/.local/lib/python3.7/site-packages/airflow/models/taskinstance.py", line 1514, in _execute_task
    result = execute_callable(context=context)
  File "/home/airflow/.local/lib/python3.7/site-packages/airflow/operators/bash.py", line 188, in execute
    f'Bash command failed. The command returned a non-zero exit code {result.exit_code}.'
airflow.exceptions.AirflowException: Bash command failed. The command returned a non-zero exit code 2.
[2022-05-15 01:40:08,757] {local_task_job.py:154} INFO - Task exited with return code 1
[2022-05-15 01:40:08,803] {local_task_job.py:264} INFO - 0 downstream tasks scheduled from follow-on schedule check
