[2022-05-15 01:41:03,656] {taskinstance.py:1035} INFO - Dependencies all met for <TaskInstance: dbt_dag.dbt_run scheduled__2022-05-14T01:33:26.251894+00:00 [queued]>
[2022-05-15 01:41:03,672] {taskinstance.py:1035} INFO - Dependencies all met for <TaskInstance: dbt_dag.dbt_run scheduled__2022-05-14T01:33:26.251894+00:00 [queued]>
[2022-05-15 01:41:03,673] {taskinstance.py:1241} INFO - 
--------------------------------------------------------------------------------
[2022-05-15 01:41:03,674] {taskinstance.py:1242} INFO - Starting attempt 4 of 4
[2022-05-15 01:41:03,675] {taskinstance.py:1243} INFO - 
--------------------------------------------------------------------------------
[2022-05-15 01:41:03,689] {taskinstance.py:1262} INFO - Executing <Task(BashOperator): dbt_run> on 2022-05-14 01:33:26.251894+00:00
[2022-05-15 01:41:03,696] {standard_task_runner.py:52} INFO - Started process 3152 to run task
[2022-05-15 01:41:03,701] {standard_task_runner.py:76} INFO - Running: ['***', 'tasks', 'run', 'dbt_dag', 'dbt_run', 'scheduled__2022-05-14T01:33:26.251894+00:00', '--job-id', '74', '--raw', '--subdir', 'DAGS_FOLDER/dbt_dag.py', '--cfg-path', '/tmp/tmpes98cpj6', '--error-file', '/tmp/tmpf6iwpsrd']
[2022-05-15 01:41:03,704] {standard_task_runner.py:77} INFO - Job 74: Subtask dbt_run
[2022-05-15 01:41:03,762] {logging_mixin.py:109} INFO - Running <TaskInstance: dbt_dag.dbt_run scheduled__2022-05-14T01:33:26.251894+00:00 [running]> on host b0833397c3cf
[2022-05-15 01:41:03,822] {taskinstance.py:1429} INFO - Exporting the following env vars:
AIRFLOW_CTX_DAG_OWNER=***
AIRFLOW_CTX_DAG_ID=dbt_dag
AIRFLOW_CTX_TASK_ID=dbt_run
AIRFLOW_CTX_EXECUTION_DATE=2022-05-14T01:33:26.251894+00:00
AIRFLOW_CTX_DAG_RUN_ID=scheduled__2022-05-14T01:33:26.251894+00:00
[2022-05-15 01:41:03,824] {subprocess.py:62} INFO - Tmp dir root location: 
 /tmp
[2022-05-15 01:41:03,826] {subprocess.py:74} INFO - Running command: ['bash', '-c', '\n        cd /opt/***/dags/jaffle_shop\n        dbt run --profiles-dir .\n        ']
[2022-05-15 01:41:03,839] {subprocess.py:85} INFO - Output:
[2022-05-15 01:41:07,341] {subprocess.py:89} INFO - 01:41:07  Encountered an error:
[2022-05-15 01:41:07,342] {subprocess.py:89} INFO - Runtime Error
[2022-05-15 01:41:07,343] {subprocess.py:89} INFO - 
[2022-05-15 01:41:07,344] {subprocess.py:89} INFO -   dbt encountered an error while trying to read your profiles.yml file.
[2022-05-15 01:41:07,344] {subprocess.py:89} INFO - 
[2022-05-15 01:41:07,345] {subprocess.py:89} INFO -   Runtime Error
[2022-05-15 01:41:07,346] {subprocess.py:89} INFO -     Syntax error near line 9
[2022-05-15 01:41:07,346] {subprocess.py:89} INFO -     ------------------------------
[2022-05-15 01:41:07,347] {subprocess.py:89} INFO -     6  |       type: postgres
[2022-05-15 01:41:07,348] {subprocess.py:89} INFO -     7  |       threads: 1
[2022-05-15 01:41:07,348] {subprocess.py:89} INFO -     8  |       host: "{{ env_var('POSTGRES_HOST') }}"
[2022-05-15 01:41:07,349] {subprocess.py:89} INFO -     9  |       port: {{ env_var('POSTGRES_PORT') }}
[2022-05-15 01:41:07,350] {subprocess.py:89} INFO -     10 |       user: "{{ env_var('POSTGRES_USER') }}"
[2022-05-15 01:41:07,350] {subprocess.py:89} INFO -     11 |       pass: "{{ env_var('POSTGRES_PASSWORD') }}"
[2022-05-15 01:41:07,351] {subprocess.py:89} INFO -     12 |       dbname: "{{ env_var('POSTGRES_DB') }}"
[2022-05-15 01:41:07,352] {subprocess.py:89} INFO - 
[2022-05-15 01:41:07,352] {subprocess.py:89} INFO -     Raw Error:
[2022-05-15 01:41:07,353] {subprocess.py:89} INFO -     ------------------------------
[2022-05-15 01:41:07,354] {subprocess.py:89} INFO -     while constructing a mapping
[2022-05-15 01:41:07,354] {subprocess.py:89} INFO -       in "<unicode string>", line 9, column 13
[2022-05-15 01:41:07,355] {subprocess.py:89} INFO -     found unhashable key
[2022-05-15 01:41:07,356] {subprocess.py:89} INFO -       in "<unicode string>", line 9, column 14
[2022-05-15 01:41:07,357] {subprocess.py:89} INFO - 
[2022-05-15 01:41:07,526] {subprocess.py:93} INFO - Command exited with return code 2
[2022-05-15 01:41:07,548] {taskinstance.py:1703} ERROR - Task failed with exception
Traceback (most recent call last):
  File "/home/airflow/.local/lib/python3.7/site-packages/airflow/models/taskinstance.py", line 1332, in _run_raw_task
    self._execute_task_with_callbacks(context)
  File "/home/airflow/.local/lib/python3.7/site-packages/airflow/models/taskinstance.py", line 1458, in _execute_task_with_callbacks
    result = self._execute_task(context, self.task)
  File "/home/airflow/.local/lib/python3.7/site-packages/airflow/models/taskinstance.py", line 1514, in _execute_task
    result = execute_callable(context=context)
  File "/home/airflow/.local/lib/python3.7/site-packages/airflow/operators/bash.py", line 188, in execute
    f'Bash command failed. The command returned a non-zero exit code {result.exit_code}.'
airflow.exceptions.AirflowException: Bash command failed. The command returned a non-zero exit code 2.
[2022-05-15 01:41:07,573] {taskinstance.py:1280} INFO - Marking task as FAILED. dag_id=dbt_dag, task_id=dbt_run, execution_date=20220514T013326, start_date=20220515T014103, end_date=20220515T014107
[2022-05-15 01:41:07,598] {standard_task_runner.py:91} ERROR - Failed to execute job 74 for task dbt_run
Traceback (most recent call last):
  File "/home/airflow/.local/lib/python3.7/site-packages/airflow/task/task_runner/standard_task_runner.py", line 85, in _start_by_fork
    args.func(args, dag=self.dag)
  File "/home/airflow/.local/lib/python3.7/site-packages/airflow/cli/cli_parser.py", line 48, in command
    return func(*args, **kwargs)
  File "/home/airflow/.local/lib/python3.7/site-packages/airflow/utils/cli.py", line 92, in wrapper
    return f(*args, **kwargs)
  File "/home/airflow/.local/lib/python3.7/site-packages/airflow/cli/commands/task_command.py", line 292, in task_run
    _run_task_by_selected_method(args, dag, ti)
  File "/home/airflow/.local/lib/python3.7/site-packages/airflow/cli/commands/task_command.py", line 107, in _run_task_by_selected_method
    _run_raw_task(args, ti)
  File "/home/airflow/.local/lib/python3.7/site-packages/airflow/cli/commands/task_command.py", line 184, in _run_raw_task
    error_file=args.error_file,
  File "/home/airflow/.local/lib/python3.7/site-packages/airflow/utils/session.py", line 70, in wrapper
    return func(*args, session=session, **kwargs)
  File "/home/airflow/.local/lib/python3.7/site-packages/airflow/models/taskinstance.py", line 1332, in _run_raw_task
    self._execute_task_with_callbacks(context)
  File "/home/airflow/.local/lib/python3.7/site-packages/airflow/models/taskinstance.py", line 1458, in _execute_task_with_callbacks
    result = self._execute_task(context, self.task)
  File "/home/airflow/.local/lib/python3.7/site-packages/airflow/models/taskinstance.py", line 1514, in _execute_task
    result = execute_callable(context=context)
  File "/home/airflow/.local/lib/python3.7/site-packages/airflow/operators/bash.py", line 188, in execute
    f'Bash command failed. The command returned a non-zero exit code {result.exit_code}.'
airflow.exceptions.AirflowException: Bash command failed. The command returned a non-zero exit code 2.
[2022-05-15 01:41:07,616] {local_task_job.py:154} INFO - Task exited with return code 1
[2022-05-15 01:41:07,663] {local_task_job.py:264} INFO - 0 downstream tasks scheduled from follow-on schedule check
