[2022-05-15 01:41:51,925] {taskinstance.py:1035} INFO - Dependencies all met for <TaskInstance: dbt_dag.dbt_run scheduled__2022-05-14T01:33:26.251894+00:00 [queued]>
[2022-05-15 01:41:51,944] {taskinstance.py:1035} INFO - Dependencies all met for <TaskInstance: dbt_dag.dbt_run scheduled__2022-05-14T01:33:26.251894+00:00 [queued]>
[2022-05-15 01:41:51,945] {taskinstance.py:1241} INFO - 
--------------------------------------------------------------------------------
[2022-05-15 01:41:51,946] {taskinstance.py:1242} INFO - Starting attempt 5 of 5
[2022-05-15 01:41:51,947] {taskinstance.py:1243} INFO - 
--------------------------------------------------------------------------------
[2022-05-15 01:41:51,966] {taskinstance.py:1262} INFO - Executing <Task(BashOperator): dbt_run> on 2022-05-14 01:33:26.251894+00:00
[2022-05-15 01:41:51,975] {standard_task_runner.py:52} INFO - Started process 3201 to run task
[2022-05-15 01:41:51,980] {standard_task_runner.py:76} INFO - Running: ['***', 'tasks', 'run', 'dbt_dag', 'dbt_run', 'scheduled__2022-05-14T01:33:26.251894+00:00', '--job-id', '76', '--raw', '--subdir', 'DAGS_FOLDER/dbt_dag.py', '--cfg-path', '/tmp/tmp3rzqfopq', '--error-file', '/tmp/tmplx_q_rx4']
[2022-05-15 01:41:51,982] {standard_task_runner.py:77} INFO - Job 76: Subtask dbt_run
[2022-05-15 01:41:52,039] {logging_mixin.py:109} INFO - Running <TaskInstance: dbt_dag.dbt_run scheduled__2022-05-14T01:33:26.251894+00:00 [running]> on host b0833397c3cf
[2022-05-15 01:41:52,098] {taskinstance.py:1429} INFO - Exporting the following env vars:
AIRFLOW_CTX_DAG_OWNER=***
AIRFLOW_CTX_DAG_ID=dbt_dag
AIRFLOW_CTX_TASK_ID=dbt_run
AIRFLOW_CTX_EXECUTION_DATE=2022-05-14T01:33:26.251894+00:00
AIRFLOW_CTX_DAG_RUN_ID=scheduled__2022-05-14T01:33:26.251894+00:00
[2022-05-15 01:41:52,100] {subprocess.py:62} INFO - Tmp dir root location: 
 /tmp
[2022-05-15 01:41:52,102] {subprocess.py:74} INFO - Running command: ['bash', '-c', '\n        cd /opt/***/dags/jaffle_shop\n        dbt run --profiles-dir .\n        ']
[2022-05-15 01:41:52,114] {subprocess.py:85} INFO - Output:
[2022-05-15 01:41:55,021] {subprocess.py:89} INFO - 01:41:55  Running with dbt=1.1.0
[2022-05-15 01:41:55,060] {subprocess.py:89} INFO - 01:41:55  Partial parse save file not found. Starting full parse.
[2022-05-15 01:41:55,996] {subprocess.py:89} INFO - 01:41:55  [[33mWARNING[0m]: Did not find matching node for patch with name 'stg_customers' in the 'models' section of file 'models/staging/jaffle_shop/stg_jaffle_shop.yml'
[2022-05-15 01:41:56,001] {subprocess.py:89} INFO - 01:41:56  [[33mWARNING[0m]: Did not find matching node for patch with name 'stg_orders' in the 'models' section of file 'models/staging/jaffle_shop/stg_jaffle_shop.yml'
[2022-05-15 01:41:57,185] {subprocess.py:89} INFO - 01:41:57  Encountered an error:
[2022-05-15 01:41:57,187] {subprocess.py:89} INFO - Compilation Error in analysis compare_queries (analyses/compare_queries.sql)
[2022-05-15 01:41:57,188] {subprocess.py:89} INFO -   Analysis 'analysis.jaffle_shop.compare_queries' (analyses/compare_queries.sql) depends on a node named 'customer_orders' which was not found
[2022-05-15 01:41:57,362] {subprocess.py:93} INFO - Command exited with return code 2
[2022-05-15 01:41:57,383] {taskinstance.py:1703} ERROR - Task failed with exception
Traceback (most recent call last):
  File "/home/airflow/.local/lib/python3.7/site-packages/airflow/models/taskinstance.py", line 1332, in _run_raw_task
    self._execute_task_with_callbacks(context)
  File "/home/airflow/.local/lib/python3.7/site-packages/airflow/models/taskinstance.py", line 1458, in _execute_task_with_callbacks
    result = self._execute_task(context, self.task)
  File "/home/airflow/.local/lib/python3.7/site-packages/airflow/models/taskinstance.py", line 1514, in _execute_task
    result = execute_callable(context=context)
  File "/home/airflow/.local/lib/python3.7/site-packages/airflow/operators/bash.py", line 188, in execute
    f'Bash command failed. The command returned a non-zero exit code {result.exit_code}.'
airflow.exceptions.AirflowException: Bash command failed. The command returned a non-zero exit code 2.
[2022-05-15 01:41:57,394] {taskinstance.py:1280} INFO - Marking task as FAILED. dag_id=dbt_dag, task_id=dbt_run, execution_date=20220514T013326, start_date=20220515T014151, end_date=20220515T014157
[2022-05-15 01:41:57,411] {standard_task_runner.py:91} ERROR - Failed to execute job 76 for task dbt_run
Traceback (most recent call last):
  File "/home/airflow/.local/lib/python3.7/site-packages/airflow/task/task_runner/standard_task_runner.py", line 85, in _start_by_fork
    args.func(args, dag=self.dag)
  File "/home/airflow/.local/lib/python3.7/site-packages/airflow/cli/cli_parser.py", line 48, in command
    return func(*args, **kwargs)
  File "/home/airflow/.local/lib/python3.7/site-packages/airflow/utils/cli.py", line 92, in wrapper
    return f(*args, **kwargs)
  File "/home/airflow/.local/lib/python3.7/site-packages/airflow/cli/commands/task_command.py", line 292, in task_run
    _run_task_by_selected_method(args, dag, ti)
  File "/home/airflow/.local/lib/python3.7/site-packages/airflow/cli/commands/task_command.py", line 107, in _run_task_by_selected_method
    _run_raw_task(args, ti)
  File "/home/airflow/.local/lib/python3.7/site-packages/airflow/cli/commands/task_command.py", line 184, in _run_raw_task
    error_file=args.error_file,
  File "/home/airflow/.local/lib/python3.7/site-packages/airflow/utils/session.py", line 70, in wrapper
    return func(*args, session=session, **kwargs)
  File "/home/airflow/.local/lib/python3.7/site-packages/airflow/models/taskinstance.py", line 1332, in _run_raw_task
    self._execute_task_with_callbacks(context)
  File "/home/airflow/.local/lib/python3.7/site-packages/airflow/models/taskinstance.py", line 1458, in _execute_task_with_callbacks
    result = self._execute_task(context, self.task)
  File "/home/airflow/.local/lib/python3.7/site-packages/airflow/models/taskinstance.py", line 1514, in _execute_task
    result = execute_callable(context=context)
  File "/home/airflow/.local/lib/python3.7/site-packages/airflow/operators/bash.py", line 188, in execute
    f'Bash command failed. The command returned a non-zero exit code {result.exit_code}.'
airflow.exceptions.AirflowException: Bash command failed. The command returned a non-zero exit code 2.
[2022-05-15 01:41:57,453] {local_task_job.py:154} INFO - Task exited with return code 1
[2022-05-15 01:41:57,493] {local_task_job.py:264} INFO - 0 downstream tasks scheduled from follow-on schedule check
