[2022-06-04 02:46:05,094] {taskinstance.py:1035} INFO - Dependencies all met for <TaskInstance: project_level_dbt_dag.dbt_run scheduled__2022-06-03T02:45:23.192192+00:00 [queued]>
[2022-06-04 02:46:05,297] {taskinstance.py:1035} INFO - Dependencies all met for <TaskInstance: project_level_dbt_dag.dbt_run scheduled__2022-06-03T02:45:23.192192+00:00 [queued]>
[2022-06-04 02:46:05,299] {taskinstance.py:1241} INFO - 
--------------------------------------------------------------------------------
[2022-06-04 02:46:05,303] {taskinstance.py:1242} INFO - Starting attempt 1 of 4
[2022-06-04 02:46:05,306] {taskinstance.py:1243} INFO - 
--------------------------------------------------------------------------------
[2022-06-04 02:46:05,359] {taskinstance.py:1262} INFO - Executing <Task(BashOperator): dbt_run> on 2022-06-03 02:45:23.192192+00:00
[2022-06-04 02:46:05,452] {standard_task_runner.py:52} INFO - Started process 68 to run task
[2022-06-04 02:46:05,466] {standard_task_runner.py:76} INFO - Running: ['***', 'tasks', 'run', 'project_level_dbt_dag', 'dbt_run', 'scheduled__2022-06-03T02:45:23.192192+00:00', '--job-id', '161', '--raw', '--subdir', 'DAGS_FOLDER/project_level_dbt_dag.py', '--cfg-path', '/tmp/tmpt_aur08v', '--error-file', '/tmp/tmp8s6ksmtf']
[2022-06-04 02:46:05,473] {standard_task_runner.py:77} INFO - Job 161: Subtask dbt_run
[2022-06-04 02:46:05,985] {logging_mixin.py:109} INFO - Running <TaskInstance: project_level_dbt_dag.dbt_run scheduled__2022-06-03T02:45:23.192192+00:00 [running]> on host 3d17a0db806e
[2022-06-04 02:46:06,368] {taskinstance.py:1429} INFO - Exporting the following env vars:
AIRFLOW_CTX_DAG_OWNER=luciano.naveiro
AIRFLOW_CTX_DAG_ID=project_level_dbt_dag
AIRFLOW_CTX_TASK_ID=dbt_run
AIRFLOW_CTX_EXECUTION_DATE=2022-06-03T02:45:23.192192+00:00
AIRFLOW_CTX_DAG_RUN_ID=scheduled__2022-06-03T02:45:23.192192+00:00
[2022-06-04 02:46:06,376] {subprocess.py:62} INFO - Tmp dir root location: 
 /tmp
[2022-06-04 02:46:06,398] {subprocess.py:74} INFO - Running command: ['bash', '-c', '\n        dbt run --profiles-dir /opt/dbt/jaffle_shop --project-dir /opt/dbt/jaffle_shop\n        ']
[2022-06-04 02:46:06,456] {subprocess.py:85} INFO - Output:
[2022-06-04 02:46:26,852] {subprocess.py:89} INFO - 02:46:26  Running with dbt=1.1.0
[2022-06-04 02:46:28,847] {subprocess.py:89} INFO - 02:46:28  Found 5 models, 14 tests, 0 snapshots, 0 analyses, 170 macros, 0 operations, 0 seed files, 3 sources, 0 exposures, 0 metrics
[2022-06-04 02:46:28,856] {subprocess.py:89} INFO - 02:46:28
[2022-06-04 02:46:29,832] {subprocess.py:89} INFO - 02:46:29  Concurrency: 1 threads (target='dev')
[2022-06-04 02:46:29,837] {subprocess.py:89} INFO - 02:46:29
[2022-06-04 02:46:29,918] {subprocess.py:89} INFO - 02:46:29  1 of 5 START view model dev.stg_jaffle_shop__customers ......................... [RUN]
[2022-06-04 02:46:30,461] {subprocess.py:89} INFO - 02:46:30  1 of 5 OK created view model dev.stg_jaffle_shop__customers .................... [[32mCREATE VIEW[0m in 0.53s]
[2022-06-04 02:46:30,470] {subprocess.py:89} INFO - 02:46:30  2 of 5 START view model dev.stg_jaffle_shop__orders ............................ [RUN]
[2022-06-04 02:46:30,806] {subprocess.py:89} INFO - 02:46:30  2 of 5 OK created view model dev.stg_jaffle_shop__orders ....................... [[32mCREATE VIEW[0m in 0.31s]
[2022-06-04 02:46:30,824] {subprocess.py:89} INFO - 02:46:30  3 of 5 START view model dev.stg_stripe__payments ............................... [RUN]
[2022-06-04 02:46:31,199] {subprocess.py:89} INFO - 02:46:31  3 of 5 ERROR creating view model dev.stg_stripe__payments ...................... [[31mERROR[0m in 0.37s]
[2022-06-04 02:46:31,236] {subprocess.py:89} INFO - 02:46:31  4 of 5 SKIP relation dev.int_orders ............................................ [[33mSKIP[0m]
[2022-06-04 02:46:31,306] {subprocess.py:89} INFO - 02:46:31  5 of 5 SKIP relation dev.fct_customer_orders ................................... [[33mSKIP[0m]
[2022-06-04 02:46:31,561] {subprocess.py:89} INFO - 02:46:31
[2022-06-04 02:46:31,564] {subprocess.py:89} INFO - 02:46:31  Finished running 4 view models, 1 table model in 2.69s.
[2022-06-04 02:46:31,622] {subprocess.py:89} INFO - 02:46:31
[2022-06-04 02:46:31,623] {subprocess.py:89} INFO - 02:46:31  [31mCompleted with 1 error and 0 warnings:[0m
[2022-06-04 02:46:31,626] {subprocess.py:89} INFO - 02:46:31
[2022-06-04 02:46:31,655] {subprocess.py:89} INFO - 02:46:31  [33mDatabase Error in model stg_stripe__payments (models/staging/stripe/stg_stripe__payments.sql)[0m
[2022-06-04 02:46:31,662] {subprocess.py:89} INFO - 02:46:31    relation "stg_stripe__payments" already exists
[2022-06-04 02:46:31,671] {subprocess.py:89} INFO - 02:46:31    compiled SQL at target/run/jaffle_shop/models/staging/stripe/stg_stripe__payments.sql
[2022-06-04 02:46:31,676] {subprocess.py:89} INFO - 02:46:31
[2022-06-04 02:46:31,677] {subprocess.py:89} INFO - 02:46:31  Done. PASS=2 WARN=0 ERROR=1 SKIP=2 TOTAL=5
[2022-06-04 02:46:33,527] {subprocess.py:93} INFO - Command exited with return code 1
[2022-06-04 02:46:33,563] {taskinstance.py:1703} ERROR - Task failed with exception
Traceback (most recent call last):
  File "/home/airflow/.local/lib/python3.7/site-packages/airflow/models/taskinstance.py", line 1332, in _run_raw_task
    self._execute_task_with_callbacks(context)
  File "/home/airflow/.local/lib/python3.7/site-packages/airflow/models/taskinstance.py", line 1458, in _execute_task_with_callbacks
    result = self._execute_task(context, self.task)
  File "/home/airflow/.local/lib/python3.7/site-packages/airflow/models/taskinstance.py", line 1514, in _execute_task
    result = execute_callable(context=context)
  File "/home/airflow/.local/lib/python3.7/site-packages/airflow/operators/bash.py", line 188, in execute
    f'Bash command failed. The command returned a non-zero exit code {result.exit_code}.'
airflow.exceptions.AirflowException: Bash command failed. The command returned a non-zero exit code 1.
[2022-06-04 02:46:33,577] {taskinstance.py:1280} INFO - Marking task as UP_FOR_RETRY. dag_id=project_level_dbt_dag, task_id=dbt_run, execution_date=20220603T024523, start_date=20220604T024605, end_date=20220604T024633
[2022-06-04 02:46:33,634] {standard_task_runner.py:91} ERROR - Failed to execute job 161 for task dbt_run
Traceback (most recent call last):
  File "/home/airflow/.local/lib/python3.7/site-packages/airflow/task/task_runner/standard_task_runner.py", line 85, in _start_by_fork
    args.func(args, dag=self.dag)
  File "/home/airflow/.local/lib/python3.7/site-packages/airflow/cli/cli_parser.py", line 48, in command
    return func(*args, **kwargs)
  File "/home/airflow/.local/lib/python3.7/site-packages/airflow/utils/cli.py", line 92, in wrapper
    return f(*args, **kwargs)
  File "/home/airflow/.local/lib/python3.7/site-packages/airflow/cli/commands/task_command.py", line 292, in task_run
    _run_task_by_selected_method(args, dag, ti)
  File "/home/airflow/.local/lib/python3.7/site-packages/airflow/cli/commands/task_command.py", line 107, in _run_task_by_selected_method
    _run_raw_task(args, ti)
  File "/home/airflow/.local/lib/python3.7/site-packages/airflow/cli/commands/task_command.py", line 184, in _run_raw_task
    error_file=args.error_file,
  File "/home/airflow/.local/lib/python3.7/site-packages/airflow/utils/session.py", line 70, in wrapper
    return func(*args, session=session, **kwargs)
  File "/home/airflow/.local/lib/python3.7/site-packages/airflow/models/taskinstance.py", line 1332, in _run_raw_task
    self._execute_task_with_callbacks(context)
  File "/home/airflow/.local/lib/python3.7/site-packages/airflow/models/taskinstance.py", line 1458, in _execute_task_with_callbacks
    result = self._execute_task(context, self.task)
  File "/home/airflow/.local/lib/python3.7/site-packages/airflow/models/taskinstance.py", line 1514, in _execute_task
    result = execute_callable(context=context)
  File "/home/airflow/.local/lib/python3.7/site-packages/airflow/operators/bash.py", line 188, in execute
    f'Bash command failed. The command returned a non-zero exit code {result.exit_code}.'
airflow.exceptions.AirflowException: Bash command failed. The command returned a non-zero exit code 1.
[2022-06-04 02:46:33,704] {local_task_job.py:154} INFO - Task exited with return code 1
[2022-06-04 02:46:33,904] {local_task_job.py:264} INFO - 0 downstream tasks scheduled from follow-on schedule check
