[2022-05-15 01:31:41,575] {taskinstance.py:1029} INFO - Dependencies not met for <TaskInstance: dbt_dag.dbt_run scheduled__2022-01-01T00:00:00+00:00 [queued]>, dependency 'Trigger Rule' FAILED: Task's trigger rule 'all_success' requires all upstream tasks to have succeeded, but found 1 non-success(es). upstream_tasks_state={'total': 1, 'successes': 0, 'skipped': 0, 'failed': 0, 'upstream_failed': 0, 'done': 0}, upstream_task_ids={'test'}
[2022-05-15 01:31:41,596] {local_task_job.py:99} INFO - Task is not able to be run
[2022-05-15 01:33:21,648] {taskinstance.py:1035} INFO - Dependencies all met for <TaskInstance: dbt_dag.dbt_run scheduled__2022-01-01T00:00:00+00:00 [queued]>
[2022-05-15 01:33:21,661] {taskinstance.py:1035} INFO - Dependencies all met for <TaskInstance: dbt_dag.dbt_run scheduled__2022-01-01T00:00:00+00:00 [queued]>
[2022-05-15 01:33:21,662] {taskinstance.py:1241} INFO - 
--------------------------------------------------------------------------------
[2022-05-15 01:33:21,663] {taskinstance.py:1242} INFO - Starting attempt 1 of 1
[2022-05-15 01:33:21,663] {taskinstance.py:1243} INFO - 
--------------------------------------------------------------------------------
[2022-05-15 01:33:21,676] {taskinstance.py:1262} INFO - Executing <Task(BashOperator): dbt_run> on 2022-01-01 00:00:00+00:00
[2022-05-15 01:33:21,681] {standard_task_runner.py:52} INFO - Started process 2751 to run task
[2022-05-15 01:33:21,686] {standard_task_runner.py:76} INFO - Running: ['***', 'tasks', 'run', 'dbt_dag', 'dbt_run', 'scheduled__2022-01-01T00:00:00+00:00', '--job-id', '63', '--raw', '--subdir', 'DAGS_FOLDER/dbt_dag.py', '--cfg-path', '/tmp/tmpxe7a81ia', '--error-file', '/tmp/tmpiv1vic6p']
[2022-05-15 01:33:21,687] {standard_task_runner.py:77} INFO - Job 63: Subtask dbt_run
[2022-05-15 01:33:21,743] {logging_mixin.py:109} INFO - Running <TaskInstance: dbt_dag.dbt_run scheduled__2022-01-01T00:00:00+00:00 [running]> on host b0833397c3cf
[2022-05-15 01:33:21,805] {taskinstance.py:1429} INFO - Exporting the following env vars:
AIRFLOW_CTX_DAG_OWNER=***
AIRFLOW_CTX_DAG_ID=dbt_dag
AIRFLOW_CTX_TASK_ID=dbt_run
AIRFLOW_CTX_EXECUTION_DATE=2022-01-01T00:00:00+00:00
AIRFLOW_CTX_DAG_RUN_ID=scheduled__2022-01-01T00:00:00+00:00
[2022-05-15 01:33:21,807] {subprocess.py:62} INFO - Tmp dir root location: 
 /tmp
[2022-05-15 01:33:21,809] {subprocess.py:74} INFO - Running command: ['bash', '-c', '\n        cd dags/jaffle_shop\n        dbt run --profiles-dir .\n        ']
[2022-05-15 01:33:21,821] {subprocess.py:85} INFO - Output:
[2022-05-15 01:33:21,823] {subprocess.py:89} INFO - bash: line 1: cd: dags/jaffle_shop: No such file or directory
[2022-05-15 01:33:24,946] {subprocess.py:89} INFO - 01:33:24  Encountered an error:
[2022-05-15 01:33:24,948] {subprocess.py:89} INFO - Runtime Error
[2022-05-15 01:33:24,949] {subprocess.py:89} INFO -   fatal: Not a dbt project (or any of the parent directories). Missing dbt_project.yml file
[2022-05-15 01:33:25,069] {subprocess.py:93} INFO - Command exited with return code 2
[2022-05-15 01:33:25,086] {taskinstance.py:1703} ERROR - Task failed with exception
Traceback (most recent call last):
  File "/home/airflow/.local/lib/python3.7/site-packages/airflow/models/taskinstance.py", line 1332, in _run_raw_task
    self._execute_task_with_callbacks(context)
  File "/home/airflow/.local/lib/python3.7/site-packages/airflow/models/taskinstance.py", line 1458, in _execute_task_with_callbacks
    result = self._execute_task(context, self.task)
  File "/home/airflow/.local/lib/python3.7/site-packages/airflow/models/taskinstance.py", line 1514, in _execute_task
    result = execute_callable(context=context)
  File "/home/airflow/.local/lib/python3.7/site-packages/airflow/operators/bash.py", line 188, in execute
    f'Bash command failed. The command returned a non-zero exit code {result.exit_code}.'
airflow.exceptions.AirflowException: Bash command failed. The command returned a non-zero exit code 2.
[2022-05-15 01:33:25,095] {taskinstance.py:1280} INFO - Marking task as FAILED. dag_id=dbt_dag, task_id=dbt_run, execution_date=20220101T000000, start_date=20220515T013321, end_date=20220515T013325
[2022-05-15 01:33:25,116] {standard_task_runner.py:91} ERROR - Failed to execute job 63 for task dbt_run
Traceback (most recent call last):
  File "/home/airflow/.local/lib/python3.7/site-packages/airflow/task/task_runner/standard_task_runner.py", line 85, in _start_by_fork
    args.func(args, dag=self.dag)
  File "/home/airflow/.local/lib/python3.7/site-packages/airflow/cli/cli_parser.py", line 48, in command
    return func(*args, **kwargs)
  File "/home/airflow/.local/lib/python3.7/site-packages/airflow/utils/cli.py", line 92, in wrapper
    return f(*args, **kwargs)
  File "/home/airflow/.local/lib/python3.7/site-packages/airflow/cli/commands/task_command.py", line 292, in task_run
    _run_task_by_selected_method(args, dag, ti)
  File "/home/airflow/.local/lib/python3.7/site-packages/airflow/cli/commands/task_command.py", line 107, in _run_task_by_selected_method
    _run_raw_task(args, ti)
  File "/home/airflow/.local/lib/python3.7/site-packages/airflow/cli/commands/task_command.py", line 184, in _run_raw_task
    error_file=args.error_file,
  File "/home/airflow/.local/lib/python3.7/site-packages/airflow/utils/session.py", line 70, in wrapper
    return func(*args, session=session, **kwargs)
  File "/home/airflow/.local/lib/python3.7/site-packages/airflow/models/taskinstance.py", line 1332, in _run_raw_task
    self._execute_task_with_callbacks(context)
  File "/home/airflow/.local/lib/python3.7/site-packages/airflow/models/taskinstance.py", line 1458, in _execute_task_with_callbacks
    result = self._execute_task(context, self.task)
  File "/home/airflow/.local/lib/python3.7/site-packages/airflow/models/taskinstance.py", line 1514, in _execute_task
    result = execute_callable(context=context)
  File "/home/airflow/.local/lib/python3.7/site-packages/airflow/operators/bash.py", line 188, in execute
    f'Bash command failed. The command returned a non-zero exit code {result.exit_code}.'
airflow.exceptions.AirflowException: Bash command failed. The command returned a non-zero exit code 2.
[2022-05-15 01:33:25,132] {local_task_job.py:154} INFO - Task exited with return code 1
[2022-05-15 01:33:25,187] {local_task_job.py:264} INFO - 0 downstream tasks scheduled from follow-on schedule check
