[2022-05-15 21:47:29,767] {taskinstance.py:1035} INFO - Dependencies all met for <TaskInstance: model_level_dbt_dag.dbt_validate.dbt_debug scheduled__2022-05-14T16:00:47.250021+00:00 [queued]>
[2022-05-15 21:47:29,780] {taskinstance.py:1035} INFO - Dependencies all met for <TaskInstance: model_level_dbt_dag.dbt_validate.dbt_debug scheduled__2022-05-14T16:00:47.250021+00:00 [queued]>
[2022-05-15 21:47:29,781] {taskinstance.py:1241} INFO - 
--------------------------------------------------------------------------------
[2022-05-15 21:47:29,781] {taskinstance.py:1242} INFO - Starting attempt 1 of 1
[2022-05-15 21:47:29,782] {taskinstance.py:1243} INFO - 
--------------------------------------------------------------------------------
[2022-05-15 21:47:29,795] {taskinstance.py:1262} INFO - Executing <Task(BashOperator): dbt_validate.dbt_debug> on 2022-05-14 16:00:47.250021+00:00
[2022-05-15 21:47:29,799] {standard_task_runner.py:52} INFO - Started process 923 to run task
[2022-05-15 21:47:29,804] {standard_task_runner.py:76} INFO - Running: ['***', 'tasks', 'run', 'model_level_dbt_dag', 'dbt_validate.dbt_debug', 'scheduled__2022-05-14T16:00:47.250021+00:00', '--job-id', '222', '--raw', '--subdir', 'DAGS_FOLDER/model_level_dbt_dag.py', '--cfg-path', '/tmp/tmp98byca6r', '--error-file', '/tmp/tmp1a4e6xwv']
[2022-05-15 21:47:29,806] {standard_task_runner.py:77} INFO - Job 222: Subtask dbt_validate.dbt_debug
[2022-05-15 21:47:29,854] {logging_mixin.py:109} INFO - Running <TaskInstance: model_level_dbt_dag.dbt_validate.dbt_debug scheduled__2022-05-14T16:00:47.250021+00:00 [running]> on host d197d9cd39af
[2022-05-15 21:47:29,917] {taskinstance.py:1429} INFO - Exporting the following env vars:
AIRFLOW_CTX_DAG_OWNER=***
AIRFLOW_CTX_DAG_ID=model_level_dbt_dag
AIRFLOW_CTX_TASK_ID=dbt_validate.dbt_debug
AIRFLOW_CTX_EXECUTION_DATE=2022-05-14T16:00:47.250021+00:00
AIRFLOW_CTX_DAG_RUN_ID=scheduled__2022-05-14T16:00:47.250021+00:00
[2022-05-15 21:47:29,919] {subprocess.py:62} INFO - Tmp dir root location: 
 /tmp
[2022-05-15 21:47:29,921] {subprocess.py:74} INFO - Running command: ['bash', '-c', '\n        dbt debug --profiles-dir /opt/***/dags/jaffle_shop\n        ']
[2022-05-15 21:47:29,941] {subprocess.py:85} INFO - Output:
[2022-05-15 21:47:32,748] {subprocess.py:89} INFO - 21:47:32  Running with dbt=1.1.0
[2022-05-15 21:47:33,908] {subprocess.py:89} INFO - dbt version: 1.1.0
[2022-05-15 21:47:33,909] {subprocess.py:89} INFO - python version: 3.7.12
[2022-05-15 21:47:33,909] {subprocess.py:89} INFO - python path: /usr/local/bin/python
[2022-05-15 21:47:33,910] {subprocess.py:89} INFO - os info: Linux-5.10.25-linuxkit-x86_64-with-debian-10.11
[2022-05-15 21:47:33,910] {subprocess.py:89} INFO - Using profiles.yml file at /opt/***/dags/jaffle_shop/profiles.yml
[2022-05-15 21:47:33,911] {subprocess.py:89} INFO - Using dbt_project.yml file at /tmp/***tmptalenf2p/dbt_project.yml
[2022-05-15 21:47:33,912] {subprocess.py:89} INFO - 
[2022-05-15 21:47:33,913] {subprocess.py:89} INFO - Configuration:
[2022-05-15 21:47:33,913] {subprocess.py:89} INFO -   profiles.yml file [[32mOK found and valid[0m]
[2022-05-15 21:47:33,914] {subprocess.py:89} INFO -   dbt_project.yml file [[31mERROR not found[0m]
[2022-05-15 21:47:33,914] {subprocess.py:89} INFO - 
[2022-05-15 21:47:33,915] {subprocess.py:89} INFO - Required dependencies:
[2022-05-15 21:47:33,915] {subprocess.py:89} INFO -  - git [[31mERROR[0m]
[2022-05-15 21:47:33,916] {subprocess.py:89} INFO - 
[2022-05-15 21:47:33,916] {subprocess.py:89} INFO - Connection:
[2022-05-15 21:47:33,917] {subprocess.py:89} INFO -   host: postgres_local
[2022-05-15 21:47:33,918] {subprocess.py:89} INFO -   port: 5432
[2022-05-15 21:47:33,918] {subprocess.py:89} INFO -   user: docker
[2022-05-15 21:47:33,919] {subprocess.py:89} INFO -   database: raw
[2022-05-15 21:47:33,919] {subprocess.py:89} INFO -   schema: dev
[2022-05-15 21:47:33,920] {subprocess.py:89} INFO -   search_path: None
[2022-05-15 21:47:33,920] {subprocess.py:89} INFO -   keepalives_idle: 0
[2022-05-15 21:47:33,921] {subprocess.py:89} INFO -   sslmode: None
[2022-05-15 21:47:33,921] {subprocess.py:89} INFO -   Connection test: [[32mOK connection ok[0m]
[2022-05-15 21:47:33,922] {subprocess.py:89} INFO - 
[2022-05-15 21:47:33,922] {subprocess.py:89} INFO - [31m2 checks failed:[0m
[2022-05-15 21:47:33,923] {subprocess.py:89} INFO - Could not load dbt_project.yml
[2022-05-15 21:47:33,923] {subprocess.py:89} INFO - 
[2022-05-15 21:47:33,924] {subprocess.py:89} INFO - Error from git --help: Could not find command, ensure it is in the user's PATH: "git"
[2022-05-15 21:47:33,924] {subprocess.py:89} INFO - 
[2022-05-15 21:47:34,046] {subprocess.py:93} INFO - Command exited with return code 1
[2022-05-15 21:47:34,062] {taskinstance.py:1703} ERROR - Task failed with exception
Traceback (most recent call last):
  File "/home/airflow/.local/lib/python3.7/site-packages/airflow/models/taskinstance.py", line 1332, in _run_raw_task
    self._execute_task_with_callbacks(context)
  File "/home/airflow/.local/lib/python3.7/site-packages/airflow/models/taskinstance.py", line 1458, in _execute_task_with_callbacks
    result = self._execute_task(context, self.task)
  File "/home/airflow/.local/lib/python3.7/site-packages/airflow/models/taskinstance.py", line 1514, in _execute_task
    result = execute_callable(context=context)
  File "/home/airflow/.local/lib/python3.7/site-packages/airflow/operators/bash.py", line 188, in execute
    f'Bash command failed. The command returned a non-zero exit code {result.exit_code}.'
airflow.exceptions.AirflowException: Bash command failed. The command returned a non-zero exit code 1.
[2022-05-15 21:47:34,074] {taskinstance.py:1280} INFO - Marking task as FAILED. dag_id=model_level_dbt_dag, task_id=dbt_validate.dbt_debug, execution_date=20220514T160047, start_date=20220515T214729, end_date=20220515T214734
[2022-05-15 21:47:34,094] {standard_task_runner.py:91} ERROR - Failed to execute job 222 for task dbt_validate.dbt_debug
Traceback (most recent call last):
  File "/home/airflow/.local/lib/python3.7/site-packages/airflow/task/task_runner/standard_task_runner.py", line 85, in _start_by_fork
    args.func(args, dag=self.dag)
  File "/home/airflow/.local/lib/python3.7/site-packages/airflow/cli/cli_parser.py", line 48, in command
    return func(*args, **kwargs)
  File "/home/airflow/.local/lib/python3.7/site-packages/airflow/utils/cli.py", line 92, in wrapper
    return f(*args, **kwargs)
  File "/home/airflow/.local/lib/python3.7/site-packages/airflow/cli/commands/task_command.py", line 292, in task_run
    _run_task_by_selected_method(args, dag, ti)
  File "/home/airflow/.local/lib/python3.7/site-packages/airflow/cli/commands/task_command.py", line 107, in _run_task_by_selected_method
    _run_raw_task(args, ti)
  File "/home/airflow/.local/lib/python3.7/site-packages/airflow/cli/commands/task_command.py", line 184, in _run_raw_task
    error_file=args.error_file,
  File "/home/airflow/.local/lib/python3.7/site-packages/airflow/utils/session.py", line 70, in wrapper
    return func(*args, session=session, **kwargs)
  File "/home/airflow/.local/lib/python3.7/site-packages/airflow/models/taskinstance.py", line 1332, in _run_raw_task
    self._execute_task_with_callbacks(context)
  File "/home/airflow/.local/lib/python3.7/site-packages/airflow/models/taskinstance.py", line 1458, in _execute_task_with_callbacks
    result = self._execute_task(context, self.task)
  File "/home/airflow/.local/lib/python3.7/site-packages/airflow/models/taskinstance.py", line 1514, in _execute_task
    result = execute_callable(context=context)
  File "/home/airflow/.local/lib/python3.7/site-packages/airflow/operators/bash.py", line 188, in execute
    f'Bash command failed. The command returned a non-zero exit code {result.exit_code}.'
airflow.exceptions.AirflowException: Bash command failed. The command returned a non-zero exit code 1.
[2022-05-15 21:47:34,128] {local_task_job.py:154} INFO - Task exited with return code 1
[2022-05-15 21:47:34,173] {local_task_job.py:264} INFO - 0 downstream tasks scheduled from follow-on schedule check
