[2022-05-15 21:49:25,871] {taskinstance.py:1035} INFO - Dependencies all met for <TaskInstance: model_level_dbt_dag.dbt_validate.dbt_debug scheduled__2022-05-14T16:00:47.250021+00:00 [queued]>
[2022-05-15 21:49:25,884] {taskinstance.py:1035} INFO - Dependencies all met for <TaskInstance: model_level_dbt_dag.dbt_validate.dbt_debug scheduled__2022-05-14T16:00:47.250021+00:00 [queued]>
[2022-05-15 21:49:25,885] {taskinstance.py:1241} INFO - 
--------------------------------------------------------------------------------
[2022-05-15 21:49:25,886] {taskinstance.py:1242} INFO - Starting attempt 2 of 2
[2022-05-15 21:49:25,886] {taskinstance.py:1243} INFO - 
--------------------------------------------------------------------------------
[2022-05-15 21:49:25,899] {taskinstance.py:1262} INFO - Executing <Task(BashOperator): dbt_validate.dbt_debug> on 2022-05-14 16:00:47.250021+00:00
[2022-05-15 21:49:25,904] {standard_task_runner.py:52} INFO - Started process 1018 to run task
[2022-05-15 21:49:25,908] {standard_task_runner.py:76} INFO - Running: ['***', 'tasks', 'run', 'model_level_dbt_dag', 'dbt_validate.dbt_debug', 'scheduled__2022-05-14T16:00:47.250021+00:00', '--job-id', '223', '--raw', '--subdir', 'DAGS_FOLDER/model_level_dbt_dag.py', '--cfg-path', '/tmp/tmp8xoudvwy', '--error-file', '/tmp/tmp2yvjtn85']
[2022-05-15 21:49:25,909] {standard_task_runner.py:77} INFO - Job 223: Subtask dbt_validate.dbt_debug
[2022-05-15 21:49:25,956] {logging_mixin.py:109} INFO - Running <TaskInstance: model_level_dbt_dag.dbt_validate.dbt_debug scheduled__2022-05-14T16:00:47.250021+00:00 [running]> on host d197d9cd39af
[2022-05-15 21:49:26,010] {taskinstance.py:1429} INFO - Exporting the following env vars:
AIRFLOW_CTX_DAG_OWNER=***
AIRFLOW_CTX_DAG_ID=model_level_dbt_dag
AIRFLOW_CTX_TASK_ID=dbt_validate.dbt_debug
AIRFLOW_CTX_EXECUTION_DATE=2022-05-14T16:00:47.250021+00:00
AIRFLOW_CTX_DAG_RUN_ID=scheduled__2022-05-14T16:00:47.250021+00:00
[2022-05-15 21:49:26,011] {subprocess.py:62} INFO - Tmp dir root location: 
 /tmp
[2022-05-15 21:49:26,014] {subprocess.py:74} INFO - Running command: ['bash', '-c', '\n        dbt debug --profiles-dir /opt/***/dags/jaffle_shop --project-dir /opt/***/dags/jaffle_shop\n        ']
[2022-05-15 21:49:26,025] {subprocess.py:85} INFO - Output:
[2022-05-15 21:49:28,616] {subprocess.py:89} INFO - 21:49:28  Running with dbt=1.1.0
[2022-05-15 21:49:29,647] {subprocess.py:89} INFO - dbt version: 1.1.0
[2022-05-15 21:49:29,648] {subprocess.py:89} INFO - python version: 3.7.12
[2022-05-15 21:49:29,649] {subprocess.py:89} INFO - python path: /usr/local/bin/python
[2022-05-15 21:49:29,650] {subprocess.py:89} INFO - os info: Linux-5.10.25-linuxkit-x86_64-with-debian-10.11
[2022-05-15 21:49:29,650] {subprocess.py:89} INFO - Using profiles.yml file at /opt/***/dags/jaffle_shop/profiles.yml
[2022-05-15 21:49:29,651] {subprocess.py:89} INFO - Using dbt_project.yml file at /opt/***/dags/jaffle_shop/dbt_project.yml
[2022-05-15 21:49:29,652] {subprocess.py:89} INFO - 
[2022-05-15 21:49:29,653] {subprocess.py:89} INFO - Configuration:
[2022-05-15 21:49:29,653] {subprocess.py:89} INFO -   profiles.yml file [[32mOK found and valid[0m]
[2022-05-15 21:49:29,654] {subprocess.py:89} INFO -   dbt_project.yml file [[32mOK found and valid[0m]
[2022-05-15 21:49:29,654] {subprocess.py:89} INFO - 
[2022-05-15 21:49:29,655] {subprocess.py:89} INFO - Required dependencies:
[2022-05-15 21:49:29,656] {subprocess.py:89} INFO -  - git [[31mERROR[0m]
[2022-05-15 21:49:29,656] {subprocess.py:89} INFO - 
[2022-05-15 21:49:29,657] {subprocess.py:89} INFO - Connection:
[2022-05-15 21:49:29,657] {subprocess.py:89} INFO -   host: postgres_local
[2022-05-15 21:49:29,658] {subprocess.py:89} INFO -   port: 5432
[2022-05-15 21:49:29,658] {subprocess.py:89} INFO -   user: docker
[2022-05-15 21:49:29,659] {subprocess.py:89} INFO -   database: raw
[2022-05-15 21:49:29,660] {subprocess.py:89} INFO -   schema: dev
[2022-05-15 21:49:29,661] {subprocess.py:89} INFO -   search_path: None
[2022-05-15 21:49:29,661] {subprocess.py:89} INFO -   keepalives_idle: 0
[2022-05-15 21:49:29,662] {subprocess.py:89} INFO -   sslmode: None
[2022-05-15 21:49:29,662] {subprocess.py:89} INFO -   Connection test: [[32mOK connection ok[0m]
[2022-05-15 21:49:29,663] {subprocess.py:89} INFO - 
[2022-05-15 21:49:29,664] {subprocess.py:89} INFO - [31m1 check failed:[0m
[2022-05-15 21:49:29,664] {subprocess.py:89} INFO - Error from git --help: Could not find command, ensure it is in the user's PATH: "git"
[2022-05-15 21:49:29,665] {subprocess.py:89} INFO - 
[2022-05-15 21:49:29,798] {subprocess.py:93} INFO - Command exited with return code 1
[2022-05-15 21:49:29,814] {taskinstance.py:1703} ERROR - Task failed with exception
Traceback (most recent call last):
  File "/home/airflow/.local/lib/python3.7/site-packages/airflow/models/taskinstance.py", line 1332, in _run_raw_task
    self._execute_task_with_callbacks(context)
  File "/home/airflow/.local/lib/python3.7/site-packages/airflow/models/taskinstance.py", line 1458, in _execute_task_with_callbacks
    result = self._execute_task(context, self.task)
  File "/home/airflow/.local/lib/python3.7/site-packages/airflow/models/taskinstance.py", line 1514, in _execute_task
    result = execute_callable(context=context)
  File "/home/airflow/.local/lib/python3.7/site-packages/airflow/operators/bash.py", line 188, in execute
    f'Bash command failed. The command returned a non-zero exit code {result.exit_code}.'
airflow.exceptions.AirflowException: Bash command failed. The command returned a non-zero exit code 1.
[2022-05-15 21:49:29,823] {taskinstance.py:1280} INFO - Marking task as FAILED. dag_id=model_level_dbt_dag, task_id=dbt_validate.dbt_debug, execution_date=20220514T160047, start_date=20220515T214925, end_date=20220515T214929
[2022-05-15 21:49:29,838] {standard_task_runner.py:91} ERROR - Failed to execute job 223 for task dbt_validate.dbt_debug
Traceback (most recent call last):
  File "/home/airflow/.local/lib/python3.7/site-packages/airflow/task/task_runner/standard_task_runner.py", line 85, in _start_by_fork
    args.func(args, dag=self.dag)
  File "/home/airflow/.local/lib/python3.7/site-packages/airflow/cli/cli_parser.py", line 48, in command
    return func(*args, **kwargs)
  File "/home/airflow/.local/lib/python3.7/site-packages/airflow/utils/cli.py", line 92, in wrapper
    return f(*args, **kwargs)
  File "/home/airflow/.local/lib/python3.7/site-packages/airflow/cli/commands/task_command.py", line 292, in task_run
    _run_task_by_selected_method(args, dag, ti)
  File "/home/airflow/.local/lib/python3.7/site-packages/airflow/cli/commands/task_command.py", line 107, in _run_task_by_selected_method
    _run_raw_task(args, ti)
  File "/home/airflow/.local/lib/python3.7/site-packages/airflow/cli/commands/task_command.py", line 184, in _run_raw_task
    error_file=args.error_file,
  File "/home/airflow/.local/lib/python3.7/site-packages/airflow/utils/session.py", line 70, in wrapper
    return func(*args, session=session, **kwargs)
  File "/home/airflow/.local/lib/python3.7/site-packages/airflow/models/taskinstance.py", line 1332, in _run_raw_task
    self._execute_task_with_callbacks(context)
  File "/home/airflow/.local/lib/python3.7/site-packages/airflow/models/taskinstance.py", line 1458, in _execute_task_with_callbacks
    result = self._execute_task(context, self.task)
  File "/home/airflow/.local/lib/python3.7/site-packages/airflow/models/taskinstance.py", line 1514, in _execute_task
    result = execute_callable(context=context)
  File "/home/airflow/.local/lib/python3.7/site-packages/airflow/operators/bash.py", line 188, in execute
    f'Bash command failed. The command returned a non-zero exit code {result.exit_code}.'
airflow.exceptions.AirflowException: Bash command failed. The command returned a non-zero exit code 1.
[2022-05-15 21:49:29,867] {local_task_job.py:154} INFO - Task exited with return code 1
[2022-05-15 21:49:29,916] {local_task_job.py:264} INFO - 0 downstream tasks scheduled from follow-on schedule check
